INFO:root:Starting executing phase 3 of Unvalidated Redirect URL
ERROR:root:Error at index.php
ERROR:root:Error at index.php
ERROR:root:Error at index.php
ERROR:root:Error at index.php
ERROR:root:Error at None
ERROR:root:Error at None
ERROR:root:Error at None
ERROR:root:Error at None
ERROR:root:Error at None
ERROR:root:Error at None
ERROR:root:Error at https://app2.com/user/editadvanced.php Not Found
ERROR:root:Error at https://app2.com/user/editadvanced.php Not Found
ERROR:root:Page cannot be found https://app2.com/user/editadvanced.php
ERROR:root:Page cannot be found https://app2.com/user/editadvanced.php
ERROR:root:Page cannot be found https://app2.com/course/publish/index.php
ERROR:root:Page cannot be found https://app2.com/course/publish/index.php
ERROR:root:Error at https://app2.com/course/jumpto.php Not Found
ERROR:root:Error at https://app2.com/course/jumpto.php Not Found
ERROR:root:Error at https://app2.com/course/jumpto.php Not Found
ERROR:root:Error at https://app2.com/course/jumpto.php Not Found
ERROR:root:Error at https://app2.com/grade/import/csv/index.php Not Found
ERROR:root:Error at https://app2.com/grade/import/csv/index.php Not Found
ERROR:root:Page cannot be found https://app2.com/grade/import/csv/index.php
ERROR:root:Page cannot be found https://app2.com/grade/import/csv/index.php
ERROR:root:Error at https://app2.com/enrol/manual/edit.php Not Found
ERROR:root:Error at https://app2.com/enrol/manual/edit.php Not Found
ERROR:root:Error at https://app2.com/enrol/manual/edit.php Not Found
ERROR:root:Error at https://app2.com/enrol/manual/edit.php Not Found
ERROR:root:Page cannot be found https://app2.com/enrol/manual/edit.php
ERROR:root:Page cannot be found https://app2.com/enrol/manual/edit.php
ERROR:root:Error at index.php
ERROR:root:Error at index.php
ERROR:root:Error at index.php
ERROR:root:Error at index.php
ERROR:root:Error at index.php
ERROR:root:Error at index.php
ERROR:root:Error at index.php
ERROR:root:Error at index.php
ERROR:root:Error at https://app2.com/course/view.php Not Found
ERROR:root:Error at https://app2.com/course/view.php Not Found
ERROR:root:Page cannot be found https://app2.com/report/stats/index.php
ERROR:root:Page cannot be found https://app2.com/report/stats/index.php
ERROR:root:Error at https://app2.com/course/view.php Not Found
ERROR:root:Error at https://app2.com/course/view.php Not Found
ERROR:root:Error at https://app2.com/enrol/manual/manage.php Not Found
ERROR:root:Error at https://app2.com/enrol/manual/manage.php Not Found
ERROR:root:Page cannot be found https://app2.com/enrol/manual/manage.php
ERROR:root:Page cannot be found https://app2.com/enrol/manual/manage.php
ERROR:root:Error at auth_config.php
ERROR:root:Error at auth_config.php
ERROR:root:Error at auth_config.php
ERROR:root:Error at auth_config.php
ERROR:root:Error at auth_config.php
ERROR:root:Error at auth_config.php
ERROR:root:Page cannot be found https://app2.com/course/view.php
ERROR:root:Page cannot be found https://app2.com/course/view.php
ERROR:root:Page cannot be found https://app2.com/admin/roles/usersroles.php
ERROR:root:Page cannot be found https://app2.com/admin/roles/usersroles.php
ERROR:root:Page cannot be found https://app2.com/admin/roles/usersroles.php
ERROR:root:Page cannot be found https://app2.com/admin/roles/usersroles.php
ERROR:root:Error at https://app2.com/login/change_password.php Not Found
ERROR:root:Error at https://app2.com/login/change_password.php Not Found
ERROR:root:Page cannot be found https://app2.com/login/change_password.php
ERROR:root:Page cannot be found https://app2.com/login/change_password.php
ERROR:root:Error at https://app2.com/backup/backupfilesedit.php Not Found
ERROR:root:Error at https://app2.com/backup/backupfilesedit.php Not Found
ERROR:root:Error at https://app2.com/backup/backupfilesedit.php Not Found
ERROR:root:Error at https://app2.com/backup/backupfilesedit.php Not Found
ERROR:root:Error at https://app2.com/mod/forum/search.php Not Found
ERROR:root:Error at https://app2.com/mod/forum/search.php Not Found
ERROR:root:Error at https://app2.com/mod/forum/discuss.php Not Found
ERROR:root:Error at https://app2.com/mod/forum/discuss.php Not Found
ERROR:root:Error at https://app2.com/course/jumpto.php Not Found
ERROR:root:Error at https://app2.com/course/jumpto.php Not Found
ERROR:root:Error at https://app2.com/course/jumpto.php Not Found
ERROR:root:Error at https://app2.com/course/jumpto.php Not Found
ERROR:root:Error at https://app2.com/mod/forum/discuss.php Not Found
ERROR:root:Error at https://app2.com/mod/forum/discuss.php Not Found
ERROR:root:Page cannot be found https://app2.com/mod/forum/discuss.php
ERROR:root:Page cannot be found https://app2.com/mod/forum/discuss.php
ERROR:root:Error at https://app2.com/enrol/manual/manage.php Not Found
ERROR:root:Error at https://app2.com/enrol/manual/manage.php Not Found
ERROR:root:Error at https://app2.com/enrol/users.php Not Found
ERROR:root:Error at https://app2.com/enrol/users.php Not Found
ERROR:root:Error at https://app2.com/enrol/manual/manage.php Not Found
ERROR:root:Error at https://app2.com/enrol/manual/manage.php Not Found
ERROR:root:Error at https://app2.com/enrol/users.php Not Found
ERROR:root:Error at https://app2.com/enrol/users.php Not Found
ERROR:root:Page cannot be found https://app2.com/enrol/users.php
ERROR:root:Page cannot be found https://app2.com/enrol/users.php
ERROR:root:Error at https://app2.com/group/overview.php Not Found
ERROR:root:Error at https://app2.com/group/overview.php Not Found
ERROR:root:Error at https://app2.com/group/overview.php Not Found
ERROR:root:Error at https://app2.com/group/overview.php Not Found
ERROR:root:Error at https://app2.com/group/overview.php Not Found
ERROR:root:Error at https://app2.com/group/overview.php Not Found
ERROR:root:Page cannot be found https://app2.com/group/overview.php
ERROR:root:Page cannot be found https://app2.com/group/overview.php
ERROR:root:Error at https://app2.com/course/reset.php Not Found
ERROR:root:Error at https://app2.com/course/reset.php Not Found
ERROR:root:Page cannot be found https://app2.com/course/reset.php
ERROR:root:Page cannot be found https://app2.com/course/reset.php
ERROR:root:Error at https://app2.com/grade/edit/tree/calculation.php Not Found
ERROR:root:Error at https://app2.com/grade/edit/tree/calculation.php Not Found
ERROR:root:Error at https://app2.com/grade/edit/tree/calculation.php?courseid=1&id=1 Not Found
ERROR:root:Error at https://app2.com/grade/edit/tree/calculation.php?courseid=1&id=1 Not Found
ERROR:root:Page cannot be found https://app2.com/grade/edit/tree/calculation.php
ERROR:root:Page cannot be found https://app2.com/grade/edit/tree/calculation.php
ERROR:root:Error at index.php
ERROR:root:Error at index.php
ERROR:root:Error at index.php
ERROR:root:Error at index.php
ERROR:root:Page cannot be found https://app2.com/report/participation/index.php
ERROR:root:Page cannot be found https://app2.com/report/participation/index.php
ERROR:root:Page cannot be found https://app2.com/user/view.php
ERROR:root:Page cannot be found https://app2.com/user/view.php
ERROR:root:Error at 
ERROR:root:Error at 
ERROR:root:Page cannot be found https://app2.com/course/report/questioninstances/index.php
ERROR:root:Page cannot be found https://app2.com/course/report/questioninstances/index.php
ERROR:root:Error at https://app2.com/admin/roles/define.php Not Found
ERROR:root:Error at https://app2.com/admin/roles/define.php Not Found
ERROR:root:Error at https://app2.com/admin/roles/define.php Not Found
ERROR:root:Error at https://app2.com/admin/roles/define.php Not Found
ERROR:root:Error at https://app2.com/admin/roles/define.php Not Found
ERROR:root:Error at https://app2.com/admin/roles/define.php Not Found
ERROR:root:Page cannot be found https://app2.com/admin/roles/define.php
ERROR:root:Page cannot be found https://app2.com/admin/roles/define.php
ERROR:root:Error at https://app2.com/mod/wiki/search.php Not Found
ERROR:root:Error at https://app2.com/mod/wiki/search.php Not Found
ERROR:root:Error at https://app2.com/mod/wiki/search.php Not Found
ERROR:root:Error at https://app2.com/mod/wiki/search.php Not Found
ERROR:root:Page cannot be found https://app2.com/mod/wiki/edit.php
ERROR:root:Page cannot be found https://app2.com/mod/wiki/edit.php
ERROR:root:Error at https://app2.com/course/jumpto.php Not Found
ERROR:root:Error at https://app2.com/course/jumpto.php Not Found
ERROR:root:Error at https://app2.com/course/jumpto.php Not Found
ERROR:root:Error at https://app2.com/course/jumpto.php Not Found
ERROR:root:Error at https://app2.com/grade/export/ods/index.php Not Found
ERROR:root:Error at https://app2.com/grade/export/ods/index.php Not Found
ERROR:root:Page cannot be found https://app2.com/grade/export/ods/index.php
ERROR:root:Page cannot be found https://app2.com/grade/export/ods/index.php
ERROR:root:Error at https://app2.com/admin/roles/check.php Not Found
ERROR:root:Error at https://app2.com/admin/roles/check.php Not Found
ERROR:root:Error at https://app2.com/admin/roles/check.php Not Found
ERROR:root:Error at https://app2.com/admin/roles/check.php Not Found
ERROR:root:Page cannot be found https://app2.com/admin/roles/check.php
ERROR:root:Page cannot be found https://app2.com/admin/roles/check.php
ERROR:root:Error at https://app2.com/mod/wiki/search.php Not Found
ERROR:root:Error at https://app2.com/mod/wiki/search.php Not Found
ERROR:root:Error at https://app2.com/mod/wiki/search.php Not Found
ERROR:root:Error at https://app2.com/mod/wiki/search.php Not Found
ERROR:root:Error at https://app2.com/mod/wiki/admin.php Not Found
ERROR:root:Error at https://app2.com/mod/wiki/admin.php Not Found
ERROR:root:Error at https://app2.com/mod/wiki/admin.php Not Found
ERROR:root:Error at https://app2.com/mod/wiki/admin.php Not Found
ERROR:root:Page cannot be found https://app2.com/mod/wiki/admin.php
ERROR:root:Page cannot be found https://app2.com/mod/wiki/admin.php
ERROR:root:Error at None
ERROR:root:Error at None
ERROR:root:Error at None
ERROR:root:Error at None
ERROR:root:Error at None
ERROR:root:Error at None
ERROR:root:Error at None
ERROR:root:Error at None
ERROR:root:Error at None
ERROR:root:Error at None
ERROR:root:Error at None
ERROR:root:Error at None
ERROR:root:Error at None
ERROR:root:Error at None
ERROR:root:Error at None
ERROR:root:Error at None
ERROR:root:Error at None
ERROR:root:Error at None
ERROR:root:Error at None
ERROR:root:Error at None
ERROR:root:Error at None
ERROR:root:Error at None
ERROR:root:Error at None
ERROR:root:Error at None
ERROR:root:Error at None
ERROR:root:Error at None
ERROR:root:Error at None
ERROR:root:Error at None
ERROR:root:Error at None
ERROR:root:Error at None
ERROR:root:Error at None
ERROR:root:Error at None
ERROR:root:Error at None
ERROR:root:Error at None
ERROR:root:Error at None
ERROR:root:Error at None
ERROR:root:Error at None
ERROR:root:Error at None
ERROR:root:Error at None
ERROR:root:Error at None
ERROR:root:Error at None
ERROR:root:Error at None
ERROR:root:Error at None
ERROR:root:Error at None
ERROR:root:Error at None
ERROR:root:Error at None
ERROR:root:Error at None
ERROR:root:Error at None
ERROR:root:Error at None
ERROR:root:Error at None
ERROR:root:Error at None
ERROR:root:Error at None
ERROR:root:Error at None
ERROR:root:Error at None
ERROR:root:Error at None
ERROR:root:Error at None
ERROR:root:Error at None
ERROR:root:Error at None
ERROR:root:Error at None
ERROR:root:Error at None
ERROR:root:Error at None
ERROR:root:Error at None
ERROR:root:Error at None
ERROR:root:Error at None
ERROR:root:Error at None
ERROR:root:Error at None
ERROR:root:Error at None
ERROR:root:Error at None
ERROR:root:Error at None
ERROR:root:Error at None
ERROR:root:Error at None
ERROR:root:Error at None
ERROR:root:Error at None
ERROR:root:Error at None
ERROR:root:Error at None
ERROR:root:Error at None
ERROR:root:Error at None
ERROR:root:Error at None
ERROR:root:Error at None
ERROR:root:Error at None
ERROR:root:Error at None
ERROR:root:Error at None
ERROR:root:Error at None
ERROR:root:Error at None
ERROR:root:Error at None
ERROR:root:Error at None
ERROR:root:Error at None
ERROR:root:Error at None
ERROR:root:Error at None
ERROR:root:Error at None
ERROR:root:Error at None
ERROR:root:Error at None
ERROR:root:Error at None
ERROR:root:Error at None
ERROR:root:Error at None
ERROR:root:Error at None
ERROR:root:Error at None
ERROR:root:Error at None
ERROR:root:Error at None
ERROR:root:Error at None
ERROR:root:Error at None
ERROR:root:Error at None
ERROR:root:Error at None
ERROR:root:Error at None
ERROR:root:Error at None
ERROR:root:Error at None
ERROR:root:Error at None
ERROR:root:Error at None
ERROR:root:Error at None
ERROR:root:Error at None
ERROR:root:Error at None
ERROR:root:Error at None
ERROR:root:Error at None
ERROR:root:Error at None
ERROR:root:Error at None
ERROR:root:Error at None
ERROR:root:Error at None
ERROR:root:Error at None
ERROR:root:Error at None
ERROR:root:Error at None
ERROR:root:Error at None
ERROR:root:Error at None
ERROR:root:Error at None
ERROR:root:Error at None
ERROR:root:Error at None
ERROR:root:Error at None
ERROR:root:Error at None
ERROR:root:Error at None
ERROR:root:Error at None
ERROR:root:Error at None
ERROR:root:Error at None
ERROR:root:Error at None
ERROR:root:Page cannot be found https://app2.com/mod/forum/subscribe.php
ERROR:root:Page cannot be found https://app2.com/mod/forum/subscribe.php
ERROR:root:Page cannot be found https://app2.com/mod/forum/subscribe.php
ERROR:root:Page cannot be found https://app2.com/mod/forum/subscribe.php
ERROR:root:Page cannot be found https://app2.com/mod/forum/subscribe.php
ERROR:root:Page cannot be found https://app2.com/mod/forum/subscribe.php
ERROR:root:Error at settings.php
ERROR:root:Error at settings.php
ERROR:root:Error at settings.php
ERROR:root:Error at settings.php
ERROR:root:Error at settings.php
ERROR:root:Error at settings.php
ERROR:root:Error at settings.php
ERROR:root:Error at settings.php
ERROR:root:Error at settings.php
ERROR:root:Error at settings.php
ERROR:root:Error at settings.php
ERROR:root:Error at settings.php
ERROR:root:Error at settings.php
ERROR:root:Error at settings.php
ERROR:root:Error at settings.php
ERROR:root:Error at settings.php
ERROR:root:Error at settings.php
ERROR:root:Error at settings.php
ERROR:root:Error at settings.php
ERROR:root:Error at settings.php
ERROR:root:Error at settings.php
ERROR:root:Error at settings.php
ERROR:root:Error at settings.php
ERROR:root:Error at settings.php
ERROR:root:Error at settings.php
ERROR:root:Error at settings.php
ERROR:root:Error at settings.php
ERROR:root:Error at settings.php
ERROR:root:Error at settings.php
ERROR:root:Error at settings.php
ERROR:root:Error at settings.php
ERROR:root:Error at settings.php
ERROR:root:Error at settings.php
ERROR:root:Error at settings.php
ERROR:root:Error at settings.php
ERROR:root:Error at settings.php
ERROR:root:Error at settings.php
ERROR:root:Error at settings.php
ERROR:root:Error at https://app2.com/mod/wiki/search.php Not Found
ERROR:root:Error at https://app2.com/mod/wiki/search.php Not Found
ERROR:root:Error at https://app2.com/mod/wiki/search.php Not Found
ERROR:root:Error at https://app2.com/mod/wiki/search.php Not Found
ERROR:root:Page cannot be found https://app2.com/mod/wiki/history.php
ERROR:root:Page cannot be found https://app2.com/mod/wiki/history.php
ERROR:root:Error at index.php
ERROR:root:Error at index.php
ERROR:root:Error at index.php
ERROR:root:Error at index.php
ERROR:root:Error at index.php
ERROR:root:Error at index.php
ERROR:root:Error at post.php
ERROR:root:Error at post.php
ERROR:root:Error at post.php
ERROR:root:Error at post.php
ERROR:root:Error at post.php
ERROR:root:Error at post.php
ERROR:root:Error at post.php
ERROR:root:Error at post.php
ERROR:root:Error at post.php
ERROR:root:Error at post.php
ERROR:root:Error at post.php
ERROR:root:Error at post.php
ERROR:root:Error at post.php
ERROR:root:Error at post.php
ERROR:root:Error at post.php
ERROR:root:Error at post.php
ERROR:root:Error at post.php
ERROR:root:Error at post.php
ERROR:root:Error at post.php
ERROR:root:Error at post.php
ERROR:root:Error at post.php
ERROR:root:Error at post.php
ERROR:root:Error at post.php
ERROR:root:Error at post.php
ERROR:root:Error at post.php
ERROR:root:Error at post.php
ERROR:root:Error at post.php
ERROR:root:Error at post.php
ERROR:root:Error at post.php
ERROR:root:Error at post.php
ERROR:root:Error at post.php
ERROR:root:Error at post.php
ERROR:root:Error at post.php
ERROR:root:Error at post.php
ERROR:root:Error at post.php
ERROR:root:Error at post.php
ERROR:root:Error at https://app2.com/mod/forum/post.php Not Found
ERROR:root:Error at https://app2.com/mod/forum/post.php Not Found
ERROR:root:Error at https://app2.com/mod/forum/post.php Not Found
ERROR:root:Error at https://app2.com/mod/forum/post.php Not Found
ERROR:root:Error at https://app2.com/mod/forum/post.php Not Found
ERROR:root:Error at https://app2.com/mod/forum/post.php Not Found
ERROR:root:Error at https://app2.com/mod/forum/post.php Not Found
ERROR:root:Error at https://app2.com/mod/forum/post.php Not Found
ERROR:root:Error at https://app2.com/mod/forum/post.php Not Found
ERROR:root:Error at https://app2.com/mod/forum/post.php Not Found
ERROR:root:Error at https://app2.com/mod/forum/post.php Not Found
ERROR:root:Error at https://app2.com/mod/forum/post.php Not Found
ERROR:root:Error at https://app2.com/mod/forum/post.php Not Found
ERROR:root:Error at https://app2.com/mod/forum/post.php Not Found
ERROR:root:Error at https://app2.com/mod/forum/post.php Not Found
ERROR:root:Error at https://app2.com/mod/forum/post.php Not Found
ERROR:root:Error at https://app2.com/mod/forum/post.php Not Found
ERROR:root:Error at https://app2.com/mod/forum/post.php Not Found
ERROR:root:Error at https://app2.com/mod/forum/post.php Not Found
ERROR:root:Error at https://app2.com/mod/forum/post.php Not Found
ERROR:root:Page cannot be found https://app2.com/mod/forum/post.php
ERROR:root:Page cannot be found https://app2.com/mod/forum/post.php
ERROR:root:Error at https://app2.com/calendar/preferences.php Not Found
ERROR:root:Error at https://app2.com/calendar/preferences.php Not Found
ERROR:root:Error at https://app2.com/calendar/set.php Not Found
ERROR:root:Error at https://app2.com/calendar/set.php Not Found
ERROR:root:Error at https://app2.com/calendar/set.php Not Found
ERROR:root:Error at https://app2.com/calendar/set.php Not Found
ERROR:root:Error at https://app2.com/calendar/set.php Not Found
ERROR:root:Error at https://app2.com/calendar/set.php Not Found
ERROR:root:Error at https://app2.com/calendar/set.php Not Found
ERROR:root:Error at https://app2.com/calendar/set.php Not Found
ERROR:root:Error at export.php
ERROR:root:Error at export.php
ERROR:root:Error at export.php
ERROR:root:Error at export.php
ERROR:root:Error at export.php
ERROR:root:Error at export.php
ERROR:root:Error at https://app2.com/calendar/managesubscriptions.php Not Found
ERROR:root:Error at https://app2.com/calendar/managesubscriptions.php Not Found
ERROR:root:Error at https://app2.com/calendar/managesubscriptions.php Not Found
ERROR:root:Error at https://app2.com/calendar/managesubscriptions.php Not Found
ERROR:root:Error at https://app2.com/calendar/managesubscriptions.php Not Found
ERROR:root:Error at https://app2.com/calendar/managesubscriptions.php Not Found
ERROR:root:Error at https://app2.com/course/jumpto.php Not Found
ERROR:root:Error at https://app2.com/course/jumpto.php Not Found
ERROR:root:Error at https://app2.com/course/jumpto.php Not Found
ERROR:root:Error at https://app2.com/course/jumpto.php Not Found
ERROR:root:Error at https://app2.com/grade/report/overview/index.php Not Found
ERROR:root:Error at https://app2.com/grade/report/overview/index.php Not Found
ERROR:root:Page cannot be found https://app2.com/grade/report/overview/index.php
ERROR:root:Page cannot be found https://app2.com/grade/report/overview/index.php
ERROR:root:Error at https://app2.com/mod/wiki/filesedit.php Not Found
ERROR:root:Error at https://app2.com/mod/wiki/filesedit.php Not Found
ERROR:root:Page cannot be found https://app2.com/mod/wiki/files.php
ERROR:root:Page cannot be found https://app2.com/mod/wiki/files.php
ERROR:root:Error at register.php
ERROR:root:Error at register.php
ERROR:root:Error at register.php
ERROR:root:Error at register.php
ERROR:root:Error at register.php
ERROR:root:Error at register.php
ERROR:root:Error at register.php
ERROR:root:Error at register.php
ERROR:root:Error at https://app2.com/course/user.php Not Found
ERROR:root:Error at https://app2.com/course/user.php Not Found
ERROR:root:Error at https://app2.com/course/user.php Not Found
ERROR:root:Error at https://app2.com/course/user.php Not Found
ERROR:root:Error at https://app2.com/report/stats/user.php Not Found
ERROR:root:Error at https://app2.com/report/stats/user.php Not Found
ERROR:root:Error at https://app2.com/report/stats/user.php Not Found
ERROR:root:Error at https://app2.com/report/stats/user.php Not Found
ERROR:root:Page cannot be found https://app2.com/report/stats/user.php
ERROR:root:Page cannot be found https://app2.com/report/stats/user.php
ERROR:root:Page cannot be found https://app2.com/report/stats/user.php
ERROR:root:Page cannot be found https://app2.com/report/stats/user.php
ERROR:root:Error at https://app2.com/course/jumpto.php Not Found
ERROR:root:Error at https://app2.com/course/jumpto.php Not Found
ERROR:root:Error at https://app2.com/course/jumpto.php Not Found
ERROR:root:Error at https://app2.com/course/jumpto.php Not Found
ERROR:root:Error at https://app2.com/grade/edit/settings/index.php Not Found
ERROR:root:Error at https://app2.com/grade/edit/settings/index.php Not Found
ERROR:root:Page cannot be found https://app2.com/grade/edit/settings/index.php
ERROR:root:Page cannot be found https://app2.com/grade/edit/settings/index.php
ERROR:root:Error at https://app2.com/backup/restorefile.php Not Found
ERROR:root:Error at https://app2.com/backup/restorefile.php Not Found
ERROR:root:Error at https://app2.com/backup/backupfilesedit.php Not Found
ERROR:root:Error at https://app2.com/backup/backupfilesedit.php Not Found
ERROR:root:Error at https://app2.com/backup/backupfilesedit.php Not Found
ERROR:root:Error at https://app2.com/backup/backupfilesedit.php Not Found
ERROR:root:Error at https://app2.com/backup/backupfilesedit.php Not Found
ERROR:root:Error at https://app2.com/backup/backupfilesedit.php Not Found
ERROR:root:Error at https://app2.com/backup/backupfilesedit.php Not Found
ERROR:root:Error at https://app2.com/backup/backupfilesedit.php Not Found
ERROR:root:Error at https://app2.com/backup/backupfilesedit.php Not Found
ERROR:root:Error at https://app2.com/backup/backupfilesedit.php Not Found
ERROR:root:Error at https://app2.com/backup/backupfilesedit.php Not Found
ERROR:root:Error at https://app2.com/backup/backupfilesedit.php Not Found
ERROR:root:Error at https://app2.com/backup/restorefile.php Not Found
ERROR:root:Error at https://app2.com/backup/restorefile.php Not Found
ERROR:root:Page cannot be found https://app2.com/backup/restorefile.php
ERROR:root:Page cannot be found https://app2.com/backup/restorefile.php
ERROR:root:Error at https://app2.com/admin/index.php Service Unavailable
ERROR:root:Error at https://app2.com/admin/index.php Service Unavailable
ERROR:root:Error at https://app2.com/admin/tool/qeupgradehelper/index.php Service Unavailable
ERROR:root:Error at https://app2.com/admin/tool/qeupgradehelper/index.php Service Unavailable
ERROR:root:Error at https://app2.com/admin/tool/qeupgradehelper/index.php Service Unavailable
ERROR:root:Error at https://app2.com/admin/tool/qeupgradehelper/index.php Service Unavailable
ERROR:root:Error at https://app2.com/admin/search.php Service Unavailable
ERROR:root:Error at https://app2.com/admin/search.php Service Unavailable
ERROR:root:Error at https://app2.com/admin/search.php Service Unavailable
ERROR:root:Error at https://app2.com/admin/search.php Service Unavailable
ERROR:root:Error at https://app2.com/admin/tool/timezoneimport/index.php Service Unavailable
ERROR:root:Error at https://app2.com/admin/tool/timezoneimport/index.php Service Unavailable
ERROR:root:Error at https://app2.com/admin/tool/timezoneimport/index.php Service Unavailable
ERROR:root:Error at https://app2.com/admin/tool/timezoneimport/index.php Service Unavailable
ERROR:root:Error at index.php
ERROR:root:Error at index.php
ERROR:root:Error at index.php
ERROR:root:Error at index.php
ERROR:root:Error at index.php
ERROR:root:Error at index.php
ERROR:root:Error at https://app2.com/admin/index.php Service Unavailable
ERROR:root:Error at https://app2.com/admin/index.php Service Unavailable
ERROR:root:Error at https://app2.com/admin/search.php Service Unavailable
ERROR:root:Error at https://app2.com/admin/search.php Service Unavailable
ERROR:root:Error at https://app2.com/admin/search.php Service Unavailable
ERROR:root:Error at https://app2.com/admin/search.php Service Unavailable
ERROR:root:Error at https://app2.com/ Service Unavailable
ERROR:root:Error at https://app2.com/ Service Unavailable
ERROR:root:Page cannot be found https://app2.com/blocks/admin_bookmarks/create.php
ERROR:root:Page cannot be found https://app2.com/blocks/admin_bookmarks/create.php
ERROR:root:Page cannot be found https://app2.com/blocks/admin_bookmarks/create.php
ERROR:root:Page cannot be found https://app2.com/blocks/admin_bookmarks/create.php
ERROR:root:Error at https://app2.com/admin/localplugins.php Service Unavailable
ERROR:root:Error at https://app2.com/admin/localplugins.php Service Unavailable
ERROR:root:Error at https://app2.com/admin/localplugins.php Service Unavailable
ERROR:root:Error at https://app2.com/admin/localplugins.php Service Unavailable
ERROR:root:Error at https://app2.com/admin/search.php Service Unavailable
ERROR:root:Error at https://app2.com/admin/search.php Service Unavailable
ERROR:root:Error at https://app2.com/admin/search.php Service Unavailable
ERROR:root:Error at https://app2.com/admin/search.php Service Unavailable
ERROR:root:Error at https://app2.com/backup/backup.php Service Unavailable
ERROR:root:Error at https://app2.com/backup/backup.php Service Unavailable
ERROR:root:Error at https://app2.com/backup/backup.php Service Unavailable
ERROR:root:Error at https://app2.com/backup/backup.php Service Unavailable
ERROR:root:Error at https://app2.com/backup/backup.php Service Unavailable
ERROR:root:Error at https://app2.com/backup/backup.php Service Unavailable
ERROR:root:Error at https://app2.com/backup/backup.php Service Unavailable
ERROR:root:Error at https://app2.com/backup/backup.php Service Unavailable
ERROR:root:Error at https://app2.com/backup/backup.php Service Unavailable
ERROR:root:Error at https://app2.com/backup/backup.php Service Unavailable
ERROR:root:Error at https://app2.com/backup/backup.php Service Unavailable
ERROR:root:Error at https://app2.com/backup/backup.php Service Unavailable
ERROR:root:Error at https://app2.com/backup/backup.php Not Found
ERROR:root:Error at https://app2.com/backup/backup.php Not Found
ERROR:root:Error at https://app2.com/backup/backup.php Not Found
ERROR:root:Error at https://app2.com/backup/backup.php Not Found
ERROR:root:Error at https://app2.com/backup/backup.php Not Found
ERROR:root:Error at https://app2.com/backup/backup.php Not Found
ERROR:root:Page cannot be found https://app2.com/backup/backup.php
ERROR:root:Page cannot be found https://app2.com/backup/backup.php
ERROR:root:Page cannot be found https://app2.com/backup/backup.php
ERROR:root:Page cannot be found https://app2.com/backup/backup.php
ERROR:root:Error at edit.php
ERROR:root:Error at edit.php
ERROR:root:Error at edit.php
ERROR:root:Error at edit.php
ERROR:root:Error at edit.php
ERROR:root:Error at edit.php
ERROR:root:Error at edit.php
ERROR:root:Error at edit.php
ERROR:root:Error at edit.php
ERROR:root:Error at edit.php
ERROR:root:Error at https://app2.com/question/addquestion.php Not Found
ERROR:root:Error at https://app2.com/question/addquestion.php Not Found
ERROR:root:Error at https://app2.com/question/addquestion.php Not Found
ERROR:root:Error at https://app2.com/question/addquestion.php Not Found
ERROR:root:Error at https://app2.com/question/question.php Not Found
ERROR:root:Error at https://app2.com/question/question.php Not Found
ERROR:root:Error at https://app2.com/question/question.php Not Found
ERROR:root:Error at https://app2.com/question/question.php Not Found
ERROR:root:Error at https://app2.com/question/question.php Not Found
ERROR:root:Error at https://app2.com/question/question.php Not Found
ERROR:root:Page cannot be found https://app2.com/course/tool/capability/index.php
ERROR:root:Page cannot be found https://app2.com/course/tool/capability/index.php
ERROR:root:Error at https://app2.com/mod/wiki/filesedit.php Not Found
ERROR:root:Error at https://app2.com/mod/wiki/filesedit.php Not Found
ERROR:root:Error at https://app2.com/admin/roles/assign.php Not Found
ERROR:root:Error at https://app2.com/admin/roles/assign.php Not Found
ERROR:root:Page cannot be found https://app2.com/admin/roles/assign.php
ERROR:root:Page cannot be found https://app2.com/admin/roles/assign.php
ERROR:root:Error at https://app2.com/mod/forum/search.php Not Found
ERROR:root:Error at https://app2.com/mod/forum/search.php Not Found
ERROR:root:Error at https://app2.com/mod/forum/post.php Service Unavailable
ERROR:root:Error at https://app2.com/mod/forum/post.php Service Unavailable
ERROR:root:Error at https://app2.com/mod/forum/post.php Not Found
ERROR:root:Error at https://app2.com/mod/forum/post.php Not Found
ERROR:root:Error at https://app2.com/mod/forum/view.php Not Found
ERROR:root:Error at https://app2.com/mod/forum/view.php Not Found
ERROR:root:Error at https://app2.com/filter/manage.php Not Found
ERROR:root:Error at https://app2.com/filter/manage.php Not Found
ERROR:root:Page cannot be found https://app2.com/filter/manage.php
ERROR:root:Page cannot be found https://app2.com/filter/manage.php
ERROR:root:Error at https://app2.com/mod/wiki/search.php Not Found
ERROR:root:Error at https://app2.com/mod/wiki/search.php Not Found
ERROR:root:Error at https://app2.com/mod/wiki/search.php Not Found
ERROR:root:Error at https://app2.com/mod/wiki/search.php Not Found
ERROR:root:Page cannot be found https://app2.com/mod/wiki/view.php
ERROR:root:Page cannot be found https://app2.com/mod/wiki/view.php
ERROR:root:Error at grouping.php
ERROR:root:Error at grouping.php
ERROR:root:Error at grouping.php
ERROR:root:Error at grouping.php
ERROR:root:Error at grouping.php
ERROR:root:Error at grouping.php
ERROR:root:Error at https://app2.com/group/groupings.php Not Found
ERROR:root:Error at https://app2.com/group/groupings.php Not Found
ERROR:root:Page cannot be found https://app2.com/group/groupings.php
ERROR:root:Page cannot be found https://app2.com/group/groupings.php
ERROR:root:Error at https://app2.com/mod/forum/subscribers.php Not Found
ERROR:root:Error at https://app2.com/mod/forum/subscribers.php Not Found
ERROR:root:Error at https://app2.com/mod/forum/subscribers.php Not Found
ERROR:root:Error at https://app2.com/mod/forum/subscribers.php Not Found
ERROR:root:Page cannot be found https://app2.com/mod/forum/subscribers.php
ERROR:root:Page cannot be found https://app2.com/mod/forum/subscribers.php
ERROR:root:Error at https://app2.com/course/jumpto.php Not Found
ERROR:root:Error at https://app2.com/course/jumpto.php Not Found
ERROR:root:Error at https://app2.com/course/jumpto.php Not Found
ERROR:root:Error at https://app2.com/course/jumpto.php Not Found
ERROR:root:Error at https://app2.com/grade/export/xml/index.php Not Found
ERROR:root:Error at https://app2.com/grade/export/xml/index.php Not Found
ERROR:root:Page cannot be found https://app2.com/grade/export/xml/index.php
ERROR:root:Page cannot be found https://app2.com/grade/export/xml/index.php
ERROR:root:Error at https://app2.com/mod/wiki/search.php Not Found
ERROR:root:Error at https://app2.com/mod/wiki/search.php Not Found
ERROR:root:Error at https://app2.com/mod/wiki/search.php Not Found
ERROR:root:Error at https://app2.com/mod/wiki/search.php Not Found
ERROR:root:Page cannot be found https://app2.com/mod/wiki/comments.php
ERROR:root:Page cannot be found https://app2.com/mod/wiki/comments.php
ERROR:root:Error at https://app2.com/course/jumpto.php Not Found
ERROR:root:Error at https://app2.com/course/jumpto.php Not Found
ERROR:root:Error at https://app2.com/course/jumpto.php Not Found
ERROR:root:Error at https://app2.com/course/jumpto.php Not Found
ERROR:root:Error at https://app2.com/enrol/instances.php Not Found
ERROR:root:Error at https://app2.com/enrol/instances.php Not Found
ERROR:root:Page cannot be found https://app2.com/enrol/instances.php
ERROR:root:Page cannot be found https://app2.com/enrol/instances.php
ERROR:root:Error at https://app2.com/admin/roles/define.php Not Found
ERROR:root:Error at https://app2.com/admin/roles/define.php Not Found
ERROR:root:Error at https://app2.com/mod/wiki/search.php Not Found
ERROR:root:Error at https://app2.com/mod/wiki/search.php Not Found
ERROR:root:Error at https://app2.com/mod/wiki/search.php Not Found
ERROR:root:Error at https://app2.com/mod/wiki/search.php Not Found
ERROR:root:Error at https://app2.com/mod/wiki/create.php?action=create&wid=1&group=0&uid=0 Not Found
ERROR:root:Error at https://app2.com/mod/wiki/create.php?action=create&wid=1&group=0&uid=0 Not Found
ERROR:root:Error at https://app2.com/mod/wiki/create.php?action=create&wid=1&group=0&uid=0 Not Found
ERROR:root:Error at https://app2.com/mod/wiki/create.php?action=create&wid=1&group=0&uid=0 Not Found
ERROR:root:Error at https://app2.com/mod/wiki/create.php?action=create&wid=1&group=0&uid=0 Not Found
ERROR:root:Error at https://app2.com/mod/wiki/create.php?action=create&wid=1&group=0&uid=0 Not Found
ERROR:root:Error at https://app2.com/mod/wiki/create.php?action=create&wid=1&group=0&uid=0 Not Found
ERROR:root:Error at https://app2.com/mod/wiki/create.php?action=create&wid=1&group=0&uid=0 Not Found
ERROR:root:Error at https://app2.com/mod/wiki/create.php?action=create&wid=1&group=0&uid=0 Not Found
ERROR:root:Error at https://app2.com/mod/wiki/create.php?action=create&wid=1&group=0&uid=0 Not Found
ERROR:root:Error at https://app2.com/mod/wiki/create.php Not Found
ERROR:root:Error at https://app2.com/mod/wiki/create.php Not Found
ERROR:root:Page cannot be found https://app2.com/mod/wiki/create.php
ERROR:root:Page cannot be found https://app2.com/mod/wiki/create.php
ERROR:root:Error at https://app2.com/backup/backupfilesedit.php Not Found
ERROR:root:Error at https://app2.com/backup/backupfilesedit.php Not Found
ERROR:root:Error at https://app2.com/backup/backupfilesedit.php Not Found
ERROR:root:Error at https://app2.com/backup/backupfilesedit.php Not Found
ERROR:root:Error at https://app2.com/backup/import.php Not Found
ERROR:root:Error at https://app2.com/backup/import.php Not Found
ERROR:root:Page cannot be found https://app2.com/backup/import.php
ERROR:root:Page cannot be found https://app2.com/backup/import.php
ERROR:root:Error at edit.php
ERROR:root:Error at edit.php
ERROR:root:Error at edit.php
ERROR:root:Error at edit.php
ERROR:root:Error at edit.php
ERROR:root:Error at edit.php
ERROR:root:Error at index.php
ERROR:root:Error at index.php
ERROR:root:Error at index.php
ERROR:root:Error at index.php
ERROR:root:Error at index.php
ERROR:root:Error at index.php
ERROR:root:Error at index.php
ERROR:root:Error at index.php
ERROR:root:Error at modedit.php
ERROR:root:Error at modedit.php
ERROR:root:Error at modedit.php
ERROR:root:Error at modedit.php
ERROR:root:Error at modedit.php
ERROR:root:Error at modedit.php
ERROR:root:Error at modedit.php
ERROR:root:Error at modedit.php
ERROR:root:Error at modedit.php
ERROR:root:Error at modedit.php
ERROR:root:Error at modedit.php
ERROR:root:Error at modedit.php
ERROR:root:Error at modedit.php
ERROR:root:Error at modedit.php
ERROR:root:Error at modedit.php
ERROR:root:Error at modedit.php
ERROR:root:Error at modedit.php
ERROR:root:Error at modedit.php
ERROR:root:Error at modedit.php
ERROR:root:Error at modedit.php
ERROR:root:Error at modedit.php
ERROR:root:Error at modedit.php
ERROR:root:Error at modedit.php
ERROR:root:Error at modedit.php
ERROR:root:Error at modedit.php
ERROR:root:Error at modedit.php
ERROR:root:Error at modedit.php
ERROR:root:Error at modedit.php
ERROR:root:Error at modedit.php
ERROR:root:Error at modedit.php
ERROR:root:Error at modedit.php
ERROR:root:Error at modedit.php
ERROR:root:Error at modedit.php
ERROR:root:Error at modedit.php
ERROR:root:Error at modedit.php
ERROR:root:Error at modedit.php
ERROR:root:Error at modedit.php
ERROR:root:Error at modedit.php
ERROR:root:Error at modedit.php
ERROR:root:Error at modedit.php
ERROR:root:Error at modedit.php
ERROR:root:Error at modedit.php
ERROR:root:Error at modedit.php
ERROR:root:Error at modedit.php
ERROR:root:Error at preferences.php
ERROR:root:Error at preferences.php
ERROR:root:Error at preferences.php
ERROR:root:Error at preferences.php
ERROR:root:Error at preferences.php
ERROR:root:Error at preferences.php
ERROR:root:Error at preferences.php
ERROR:root:Error at preferences.php
ERROR:root:Error at https://app2.com/report/log/user.php Not Found
ERROR:root:Error at https://app2.com/report/log/user.php Not Found
ERROR:root:Error at https://app2.com/report/log/user.php Not Found
ERROR:root:Error at https://app2.com/report/log/user.php Not Found
ERROR:root:Page cannot be found https://app2.com/report/log/user.php
ERROR:root:Page cannot be found https://app2.com/report/log/user.php
ERROR:root:Page cannot be found https://app2.com/report/log/user.php
ERROR:root:Page cannot be found https://app2.com/report/log/user.php
ERROR:root:Error at https://app2.com/course/jumpto.php Not Found
ERROR:root:Error at https://app2.com/course/jumpto.php Not Found
ERROR:root:Error at https://app2.com/course/jumpto.php Not Found
ERROR:root:Error at https://app2.com/course/jumpto.php Not Found
ERROR:root:Error at https://app2.com/grade/export/xls/index.php Not Found
ERROR:root:Error at https://app2.com/grade/export/xls/index.php Not Found
ERROR:root:Page cannot be found https://app2.com/grade/export/xls/index.php
ERROR:root:Page cannot be found https://app2.com/grade/export/xls/index.php
ERROR:root:Error at https://app2.com/mod/wiki/search.php Not Found
ERROR:root:Error at https://app2.com/mod/wiki/search.php Not Found
ERROR:root:Error at https://app2.com/mod/wiki/search.php Not Found
ERROR:root:Error at https://app2.com/mod/wiki/search.php Not Found
ERROR:root:Error at https://app2.com/mod/wiki/map.php Not Found
ERROR:root:Error at https://app2.com/mod/wiki/map.php Not Found
ERROR:root:Page cannot be found https://app2.com/mod/wiki/map.php
ERROR:root:Page cannot be found https://app2.com/mod/wiki/map.php
ERROR:root:Error at action_redir.php
ERROR:root:Error at action_redir.php
ERROR:root:Error at action_redir.php
ERROR:root:Error at action_redir.php
ERROR:root:Error at action_redir.php
ERROR:root:Error at action_redir.php
ERROR:root:Error at action_redir.php
ERROR:root:Error at action_redir.php
ERROR:root:Error at action_redir.php
ERROR:root:Error at action_redir.php
ERROR:root:Error at action_redir.php
ERROR:root:Error at action_redir.php
ERROR:root:Page cannot be found https://app2.com/user/index.php
ERROR:root:Page cannot be found https://app2.com/user/index.php
ERROR:root:Error at https://app2.com/course/jumpto.php Not Found
ERROR:root:Error at https://app2.com/course/jumpto.php Not Found
ERROR:root:Error at https://app2.com/course/jumpto.php Not Found
ERROR:root:Error at https://app2.com/course/jumpto.php Not Found
ERROR:root:Error at category.php
ERROR:root:Error at category.php
ERROR:root:Error at category.php
ERROR:root:Error at category.php
ERROR:root:Error at item.php
ERROR:root:Error at item.php
ERROR:root:Error at item.php
ERROR:root:Error at item.php
ERROR:root:Page cannot be found https://app2.com/grade/edit/tree/index.php
ERROR:root:Page cannot be found https://app2.com/grade/edit/tree/index.php
ERROR:root:Error at https://app2.com/admin/roles/assign.php Not Found
ERROR:root:Error at https://app2.com/admin/roles/assign.php Not Found
ERROR:root:Error at https://app2.com/admin/roles/assign.php Not Found
ERROR:root:Error at https://app2.com/admin/roles/assign.php Not Found
ERROR:root:Error at https://app2.com/enrol/otherusers.php Not Found
ERROR:root:Error at https://app2.com/enrol/otherusers.php Not Found
ERROR:root:Page cannot be found https://app2.com/enrol/otherusers.php
ERROR:root:Page cannot be found https://app2.com/enrol/otherusers.php
ERROR:root:Error at https://app2.com/admin/repository.php Not Found
ERROR:root:Error at https://app2.com/admin/repository.php Not Found
ERROR:root:Error at https://app2.com/admin/repository.php Not Found
ERROR:root:Error at https://app2.com/admin/repository.php Not Found
ERROR:root:Error at https://app2.com/admin/repository.php Not Found
ERROR:root:Error at https://app2.com/admin/repository.php Not Found
ERROR:root:Error at https://app2.com/admin/repository.php Not Found
ERROR:root:Error at https://app2.com/admin/repository.php Not Found
ERROR:root:Error at https://app2.com/admin/repository.php Not Found
ERROR:root:Error at https://app2.com/admin/repository.php Not Found
ERROR:root:Error at https://app2.com/admin/repository.php Not Found
ERROR:root:Error at https://app2.com/admin/repository.php Not Found
ERROR:root:Error at https://app2.com/admin/repository.php Not Found
ERROR:root:Error at https://app2.com/admin/repository.php Not Found
ERROR:root:Error at https://app2.com/admin/repository.php Not Found
ERROR:root:Error at https://app2.com/admin/repository.php Not Found
ERROR:root:Error at https://app2.com/admin/repository.php Not Found
ERROR:root:Error at https://app2.com/admin/repository.php Not Found
ERROR:root:Error at https://app2.com/admin/repository.php Not Found
ERROR:root:Error at https://app2.com/admin/repository.php Not Found
ERROR:root:Error at https://app2.com/admin/repository.php Not Found
ERROR:root:Error at https://app2.com/admin/repository.php Not Found
ERROR:root:Error at https://app2.com/admin/repository.php Not Found
ERROR:root:Error at https://app2.com/admin/repository.php Not Found
ERROR:root:Error at https://app2.com/admin/repository.php Not Found
ERROR:root:Error at https://app2.com/admin/repository.php Not Found
ERROR:root:Error at https://app2.com/admin/repository.php Not Found
ERROR:root:Error at https://app2.com/admin/repository.php Not Found
ERROR:root:Error at https://app2.com/admin/repository.php Not Found
ERROR:root:Error at https://app2.com/admin/repository.php Not Found
ERROR:root:Error at https://app2.com/admin/repository.php Not Found
ERROR:root:Error at https://app2.com/admin/repository.php Not Found
ERROR:root:Error at https://app2.com/admin/repository.php Not Found
ERROR:root:Error at https://app2.com/admin/repository.php Not Found
ERROR:root:Error at https://app2.com/admin/repository.php Not Found
ERROR:root:Error at https://app2.com/admin/repository.php Not Found
ERROR:root:Error at https://app2.com/admin/repository.php Not Found
ERROR:root:Error at https://app2.com/admin/repository.php Not Found
ERROR:root:Error at https://app2.com/admin/repository.php Not Found
ERROR:root:Error at https://app2.com/admin/repository.php Not Found
ERROR:root:Error at https://app2.com/admin/repository.php Not Found
ERROR:root:Error at https://app2.com/admin/repository.php Not Found
ERROR:root:Error at https://app2.com/admin/repository.php Not Found
ERROR:root:Error at https://app2.com/admin/repository.php Not Found
ERROR:root:Error at https://app2.com/admin/repository.php Not Found
ERROR:root:Error at https://app2.com/admin/repository.php Not Found
ERROR:root:Error at https://app2.com/admin/repository.php Not Found
ERROR:root:Error at https://app2.com/admin/repository.php Not Found
ERROR:root:Error at https://app2.com/admin/repository.php Not Found
ERROR:root:Error at https://app2.com/admin/repository.php Not Found
ERROR:root:Error at https://app2.com/admin/repository.php Not Found
ERROR:root:Error at https://app2.com/admin/repository.php Not Found
ERROR:root:Error at https://app2.com/admin/repository.php Not Found
ERROR:root:Error at https://app2.com/admin/repository.php Not Found
ERROR:root:Error at https://app2.com/admin/repository.php Not Found
ERROR:root:Error at https://app2.com/admin/repository.php Not Found
ERROR:root:Error at https://app2.com/admin/repository.php Not Found
ERROR:root:Error at https://app2.com/admin/repository.php Not Found
ERROR:root:Error at https://app2.com/admin/repository.php Not Found
ERROR:root:Error at https://app2.com/admin/repository.php Not Found
ERROR:root:Error at https://app2.com/admin/repository.php Not Found
ERROR:root:Error at https://app2.com/admin/repository.php Not Found
ERROR:root:Error at https://app2.com/admin/repository.php Not Found
ERROR:root:Error at https://app2.com/admin/repository.php Not Found
ERROR:root:Error at https://app2.com/admin/repository.php Not Found
ERROR:root:Error at https://app2.com/admin/repository.php Not Found
ERROR:root:Error at https://app2.com/admin/repository.php Not Found
ERROR:root:Error at https://app2.com/admin/repository.php Not Found
ERROR:root:Error at https://app2.com/admin/repository.php Not Found
ERROR:root:Error at https://app2.com/admin/repository.php Not Found
ERROR:root:Error at https://app2.com/admin/repository.php Not Found
ERROR:root:Error at https://app2.com/admin/repository.php Not Found
ERROR:root:Error at https://app2.com/admin/repository.php Not Found
ERROR:root:Error at https://app2.com/admin/repository.php Not Found
ERROR:root:Error at https://app2.com/admin/repository.php Not Found
ERROR:root:Error at https://app2.com/admin/repository.php Not Found
ERROR:root:Error at https://app2.com/admin/repository.php Not Found
ERROR:root:Error at https://app2.com/admin/repository.php Not Found
ERROR:root:Error at https://app2.com/admin/repository.php Not Found
ERROR:root:Error at https://app2.com/admin/repository.php Not Found
